{
  "RSpec": {
    "coverage": {
      "/Users/marcgarreau/Dropbox/Projects/Turing/career_crumbs_iii/app/models/user.rb": [
        1,
        null,
        null,
        1,
        null,
        1,
        1,
        1,
        1,
        null,
        1,
        null,
        1,
        0,
        null,
        null
      ],
      "/Users/marcgarreau/Dropbox/Projects/Turing/career_crumbs_iii/app/helpers/application_helper.rb": [
        1,
        null
      ],
      "/Users/marcgarreau/Dropbox/Projects/Turing/career_crumbs_iii/app/helpers/omniauth_callbacks_helper.rb": [
        1,
        null
      ],
      "/Users/marcgarreau/Dropbox/Projects/Turing/career_crumbs_iii/app/helpers/pages_helper.rb": [
        1,
        null
      ],
      "/Users/marcgarreau/Dropbox/Projects/Turing/career_crumbs_iii/app/models/word_formatter.rb": [
        1,
        1,
        3,
        34,
        15,
        null,
        3,
        12,
        null,
        3,
        null,
        null,
        1,
        null,
        1,
        12,
        null,
        null,
        null,
        null,
        null,
        null,
        null,
        null,
        null,
        null,
        null,
        null,
        null,
        null
      ]
    },
    "timestamp": 1414020670
  }
}
